This is pdfTeX, Version 3.141592653-2.6-1.40.29 (TeX Live 2026) (preloaded format=pdflatex 2026.4.1)  16 MAY 2026 17:07
entering extended mode
 restricted \write18 enabled.
 %&-line parsing enabled.
**chapter2.tex
(./chapter2.tex
LaTeX2e <2025-11-01>
L3 programming layer <2026-03-20>
! Undefined control sequence.
l.1 \section
            *{–У–ї–∞–≤–∞ 2. –Я—А–Њ–µ–Ї—В–Є—А–Њ–≤–∞–љ–Є–µ}
The control sequence at the end of the top line
of your error message was never \def'ed. If you have
misspelled it (e.g., `\hobx'), type `I' and the correct
spelling (e.g., `I\hbox'). Otherwise just continue,
and I'll forget about whatever was undefined.


! LaTeX Error: Missing \begin{document}.

See the LaTeX manual or LaTeX Companion for explanation.
Type  H <return>  for immediate help.
 ...                                              
                                                  
l.1 \section*
             {–У–ї–∞–≤–∞ 2. –Я—А–Њ–µ–Ї—В–Є—А–Њ–≤–∞–љ–Є–µ}
You're in trouble here.  Try typing  <return>  to proceed.
If that doesn't work, type  X <return>  to quit.

Missing character: There is no * in font nullfont!

! LaTeX Error: Unicode character –У (U+0413)
               not set up for use with LaTeX.

See the LaTeX manual or LaTeX Companion for explanation.
Type  H <return>  for immediate help.
 ...                                              
                                                  
l.1 \section*{–У
                –ї–∞–≤–∞ 2. –Я—А–Њ–µ–Ї—В–Є—А–Њ–≤–∞–љ–Є–µ}
You may provide a definition with
\DeclareUnicodeCharacter 


! LaTeX Error: Unicode character –ї (U+043B)
               not set up for use with LaTeX.

See the LaTeX manual or LaTeX Companion for explanation.
Type  H <return>  for immediate help.
 ...                                              
                                                  
l.1 \section*{–У–ї
                  –∞–≤–∞ 2. –Я—А–Њ–µ–Ї—В–Є—А–Њ–≤–∞–љ–Є–µ}
You may provide a definition with
\DeclareUnicodeCharacter 


! LaTeX Error: Unicode character –∞ (U+0430)
               not set up for use with LaTeX.

See the LaTeX manual or LaTeX Companion for explanation.
Type  H <return>  for immediate help.
 ...                                              
                                                  
l.1 \section*{–У–ї–∞
                    –≤–∞ 2. –Я—А–Њ–µ–Ї—В–Є—А–Њ–≤–∞–љ–Є–µ}
You may provide a definition with
\DeclareUnicodeCharacter 


! LaTeX Error: Unicode character –≤ (U+0432)
               not set up for use with LaTeX.

See the LaTeX manual or LaTeX Companion for explanation.
Type  H <return>  for immediate help.
 ...                                              
                                                  
l.1 \section*{–У–ї–∞–≤
                      –∞ 2. –Я—А–Њ–µ–Ї—В–Є—А–Њ–≤–∞–љ–Є–µ}
You may provide a definition with
\DeclareUnicodeCharacter 


! LaTeX Error: Unicode character –∞ (U+0430)
               not set up for use with LaTeX.

See the LaTeX manual or LaTeX Companion for explanation.
Type  H <return>  for immediate help.
 ...                                              
                                                  
l.1 \section*{–У–ї–∞–≤–∞
                         2. –Я—А–Њ–µ–Ї—В–Є—А–Њ–≤–∞–љ–Є–µ}
You may provide a definition with
\DeclareUnicodeCharacter 

Missing character: There is no 2 in font nullfont!
Missing character: There is no . in font nullfont!

! LaTeX Error: Unicode character –Я (U+041F)
               not set up for use with LaTeX.

See the LaTeX manual or LaTeX Companion for explanation.
Type  H <return>  for immediate help.
 ...                                              
                                                  
l.1 \section*{–У–ї–∞–≤–∞ 2. –Я
                              —А–Њ–µ–Ї—В–Є—А–Њ–≤–∞–љ–Є–µ}
You may provide a definition with
\DeclareUnicodeCharacter 


! LaTeX Error: Unicode character —А (U+0440)
               not set up for use with LaTeX.

See the LaTeX manual or LaTeX Companion for explanation.
Type  H <return>  for immediate help.
 ...                                              
                                                  
l.1 \section*{–У–ї–∞–≤–∞ 2. –Я—А
                                –Њ–µ–Ї—В–Є—А–Њ–≤–∞–љ–Є–µ}
You may provide a definition with
\DeclareUnicodeCharacter 


! LaTeX Error: Unicode character –Њ (U+043E)
               not set up for use with LaTeX.

See the LaTeX manual or LaTeX Companion for explanation.
Type  H <return>  for immediate help.
 ...                                              
                                                  
l.1 \section*{–У–ї–∞–≤–∞ 2. –Я—А–Њ
                                  –µ–Ї—В–Є—А–Њ–≤–∞–љ–Є–µ}
You may provide a definition with
\DeclareUnicodeCharacter 


! LaTeX Error: Unicode character –µ (U+0435)
               not set up for use with LaTeX.

See the LaTeX manual or LaTeX Companion for explanation.
Type  H <return>  for immediate help.
 ...                                              
                                                  
l.1 \section*{–У–ї–∞–≤–∞ 2. –Я—А–Њ–µ
                                    –Ї—В–Є—А–Њ–≤–∞–љ–Є–µ}
You may provide a definition with
\DeclareUnicodeCharacter 


! LaTeX Error: Unicode character –Ї (U+043A)
               not set up for use with LaTeX.

See the LaTeX manual or LaTeX Companion for explanation.
Type  H <return>  for immediate help.
 ...                                              
                                                  
l.1 \section*{–У–ї–∞–≤–∞ 2. –Я—А–Њ–µ–Ї
                                      —В–Є—А–Њ–≤–∞–љ–Є–µ}
You may provide a definition with
\DeclareUnicodeCharacter 


! LaTeX Error: Unicode character —В (U+0442)
               not set up for use with LaTeX.

See the LaTeX manual or LaTeX Companion for explanation.
Type  H <return>  for immediate help.
 ...                                              
                                                  
l.1 \section*{–У–ї–∞–≤–∞ 2. –Я—А–Њ–µ–Ї—В
                                        –Є—А–Њ–≤–∞–љ–Є–µ}
You may provide a definition with
\DeclareUnicodeCharacter 


! LaTeX Error: Unicode character –Є (U+0438)
               not set up for use with LaTeX.

See the LaTeX manual or LaTeX Companion for explanation.
Type  H <return>  for immediate help.
 ...                                              
                                                  
l.1 \section*{–У–ї–∞–≤–∞ 2. –Я—А–Њ–µ–Ї—В–Є
                                          —А–Њ–≤–∞–љ–Є–µ}
You may provide a definition with
\DeclareUnicodeCharacter 


! LaTeX Error: Unicode character —А (U+0440)
               not set up for use with LaTeX.

See the LaTeX manual or LaTeX Companion for explanation.
Type  H <return>  for immediate help.
 ...                                              
                                                  
l.1 \section*{–У–ї–∞–≤–∞ 2. –Я—А–Њ–µ–Ї—В–Є—А
                                            –Њ–≤–∞–љ–Є–µ}
You may provide a definition with
\DeclareUnicodeCharacter 


! LaTeX Error: Unicode character –Њ (U+043E)
               not set up for use with LaTeX.

See the LaTeX manual or LaTeX Companion for explanation.
Type  H <return>  for immediate help.
 ...                                              
                                                  
l.1 \section*{–У–ї–∞–≤–∞ 2. –Я—А–Њ–µ–Ї—В–Є—А–Њ
                                              –≤–∞–љ–Є–µ}
You may provide a definition with
\DeclareUnicodeCharacter 


! LaTeX Error: Unicode character –≤ (U+0432)
               not set up for use with LaTeX.

See the LaTeX manual or LaTeX Companion for explanation.
Type  H <return>  for immediate help.
 ...                                              
                                                  
l.1 \section*{–У–ї–∞–≤–∞ 2. –Я—А–Њ–µ–Ї—В–Є—А–Њ–≤
                                                –∞–љ–Є–µ}
You may provide a definition with
\DeclareUnicodeCharacter 


! LaTeX Error: Unicode character –∞ (U+0430)
               not set up for use with LaTeX.

See the LaTeX manual or LaTeX Companion for explanation.
Type  H <return>  for immediate help.
 ...                                              
                                                  
l.1 \section*{–У–ї–∞–≤–∞ 2. –Я—А–Њ–µ–Ї—В–Є—А–Њ–≤–∞
                                                  –љ–Є–µ}
You may provide a definition with
\DeclareUnicodeCharacter 


! LaTeX Error: Unicode character –љ (U+043D)
               not set up for use with LaTeX.

See the LaTeX manual or LaTeX Companion for explanation.
Type  H <return>  for immediate help.
 ...                                              
                                                  
l.1 ...ion*{–У–ї–∞–≤–∞ 2. –Я—А–Њ–µ–Ї—В–Є—А–Њ–≤–∞–љ
                                                  –Є–µ}
You may provide a definition with
\DeclareUnicodeCharacter 


! LaTeX Error: Unicode character –Є (U+0438)
               not set up for use with LaTeX.

See the LaTeX manual or LaTeX Companion for explanation.
Type  H <return>  for immediate help.
 ...                                              
                                                  
l.1 ...n*{–У–ї–∞–≤–∞ 2. –Я—А–Њ–µ–Ї—В–Є—А–Њ–≤–∞–љ–Є
                                                  –µ}
You may provide a definition with
\DeclareUnicodeCharacter 


! LaTeX Error: Unicode character –µ (U+0435)
               not set up for use with LaTeX.

See the LaTeX manual or LaTeX Companion for explanation.
Type  H <return>  for immediate help.
 ...                                              
                                                  
l.1 ...{–У–ї–∞–≤–∞ 2. –Я—А–Њ–µ–Ї—В–Є—А–Њ–≤–∞–љ–Є–µ
                                                  }
You may provide a definition with
\DeclareUnicodeCharacter 


! LaTeX Error: No counter 'section' defined.

See the LaTeX manual or LaTeX Companion for explanation.
Type  H <return>  for immediate help.
 ...                                              
                                                  
l.2 \setcounter{section}{2}
                           
Your command was ignored.
Type  I <command> <return>  to replace it with another command,
or  <return>  to continue without it.


! LaTeX Error: No counter 'subsection' defined.

See the LaTeX manual or LaTeX Companion for explanation.
Type  H <return>  for immediate help.
 ...                                              
                                                  
l.3 \setcounter{subsection}{1}
                              
Your command was ignored.
Type  I <command> <return>  to replace it with another command,
or  <return>  to continue without it.


! LaTeX Error: No counter 'subsubsection' defined.

See the LaTeX manual or LaTeX Companion for explanation.
Type  H <return>  for immediate help.
 ...                                              
                                                  
l.4 \setcounter{subsubsection}{0}
                                 
Your command was ignored.
Type  I <command> <return>  to replace it with another command,
or  <return>  to continue without it.


Overfull \hbox (20.0pt too wide) in paragraph at lines 1--5
[]
 []

! Undefined control sequence.
l.6 \subsubsection
                  {–Ґ–µ–Њ—А–µ—В–Є—З–µ—Б–Ї–Є–є –∞–љ–∞–ї–Є–Ј —Ж–µ–ї–µ–≤–Њ–є –∞...
The control sequence at the end of the top line
of your error message was never \def'ed. If you have
misspelled it (e.g., `\hobx'), type `I' and the correct
spelling (e.g., `I\hbox'). Otherwise just continue,
and I'll forget about whatever was undefined.


! LaTeX Error: Unicode character –Ґ (U+0422)
               not set up for use with LaTeX.

See the LaTeX manual or LaTeX Companion for explanation.
Type  H <return>  for immediate help.
 ...                                              
                                                  
l.6 \subsubsection{–Ґ
                     –µ–Њ—А–µ—В–Є—З–µ—Б–Ї–Є–є –∞–љ–∞–ї–Є–Ј —Ж–µ–ї–µ–≤–Њ–є –∞...

You may provide a definition with
\DeclareUnicodeCharacter 


! LaTeX Error: Unicode character –µ (U+0435)
               not set up for use with LaTeX.

See the LaTeX manual or LaTeX Companion for explanation.
Type  H <return>  for immediate help.
 ...                                              
                                                  
l.6 \subsubsection{–Ґ–µ
                       –Њ—А–µ—В–Є—З–µ—Б–Ї–Є–є –∞–љ–∞–ї–Є–Ј —Ж–µ–ї–µ–≤–Њ–є –∞...

You may provide a definition with
\DeclareUnicodeCharacter 


! LaTeX Error: Unicode character –Њ (U+043E)
               not set up for use with LaTeX.

See the LaTeX manual or LaTeX Companion for explanation.
Type  H <return>  for immediate help.
 ...                                              
                                                  
l.6 \subsubsection{–Ґ–µ–Њ
                         —А–µ—В–Є—З–µ—Б–Ї–Є–є –∞–љ–∞–ї–Є–Ј —Ж–µ–ї–µ–≤–Њ–є –∞...

You may provide a definition with
\DeclareUnicodeCharacter 


! LaTeX Error: Unicode character —А (U+0440)
               not set up for use with LaTeX.

See the LaTeX manual or LaTeX Companion for explanation.
Type  H <return>  for immediate help.
 ...                                              
                                                  
l.6 \subsubsection{–Ґ–µ–Њ—А
                           –µ—В–Є—З–µ—Б–Ї–Є–є –∞–љ–∞–ї–Є–Ј —Ж–µ–ї–µ–≤–Њ–є –∞...

You may provide a definition with
\DeclareUnicodeCharacter 


! LaTeX Error: Unicode character –µ (U+0435)
               not set up for use with LaTeX.

See the LaTeX manual or LaTeX Companion for explanation.
Type  H <return>  for immediate help.
 ...                                              
                                                  
l.6 \subsubsection{–Ґ–µ–Њ—А–µ
                             —В–Є—З–µ—Б–Ї–Є–є –∞–љ–∞–ї–Є–Ј —Ж–µ–ї–µ–≤–Њ–є –∞...

You may provide a definition with
\DeclareUnicodeCharacter 


! LaTeX Error: Unicode character —В (U+0442)
               not set up for use with LaTeX.

See the LaTeX manual or LaTeX Companion for explanation.
Type  H <return>  for immediate help.
 ...                                              
                                                  
l.6 \subsubsection{–Ґ–µ–Њ—А–µ—В
                               –Є—З–µ—Б–Ї–Є–є –∞–љ–∞–ї–Є–Ј —Ж–µ–ї–µ–≤–Њ–є –∞...

You may provide a definition with
\DeclareUnicodeCharacter 


! LaTeX Error: Unicode character –Є (U+0438)
               not set up for use with LaTeX.

See the LaTeX manual or LaTeX Companion for explanation.
Type  H <return>  for immediate help.
 ...                                              
                                                  
l.6 \subsubsection{–Ґ–µ–Њ—А–µ—В–Є
                                 —З–µ—Б–Ї–Є–є –∞–љ–∞–ї–Є–Ј —Ж–µ–ї–µ–≤–Њ–є –∞...

You may provide a definition with
\DeclareUnicodeCharacter 


! LaTeX Error: Unicode character —З (U+0447)
               not set up for use with LaTeX.

See the LaTeX manual or LaTeX Companion for explanation.
Type  H <return>  for immediate help.
 ...                                              
                                                  
l.6 \subsubsection{–Ґ–µ–Њ—А–µ—В–Є—З
                                   –µ—Б–Ї–Є–є –∞–љ–∞–ї–Є–Ј —Ж–µ–ї–µ–≤–Њ–є –∞...

You may provide a definition with
\DeclareUnicodeCharacter 


! LaTeX Error: Unicode character –µ (U+0435)
               not set up for use with LaTeX.

See the LaTeX manual or LaTeX Companion for explanation.
Type  H <return>  for immediate help.
 ...                                              
                                                  
l.6 \subsubsection{–Ґ–µ–Њ—А–µ—В–Є—З–µ
                                     —Б–Ї–Є–є –∞–љ–∞–ї–Є–Ј —Ж–µ–ї–µ–≤–Њ–є –∞...

You may provide a definition with
\DeclareUnicodeCharacter 


! LaTeX Error: Unicode character —Б (U+0441)
               not set up for use with LaTeX.

See the LaTeX manual or LaTeX Companion for explanation.
Type  H <return>  for immediate help.
 ...                                              
                                                  
l.6 \subsubsection{–Ґ–µ–Њ—А–µ—В–Є—З–µ—Б
                                       –Ї–Є–є –∞–љ–∞–ї–Є–Ј —Ж–µ–ї–µ–≤–Њ–є –∞...

You may provide a definition with
\DeclareUnicodeCharacter 


! LaTeX Error: Unicode character –Ї (U+043A)
               not set up for use with LaTeX.

See the LaTeX manual or LaTeX Companion for explanation.
Type  H <return>  for immediate help.
 ...                                              
                                                  
l.6 \subsubsection{–Ґ–µ–Њ—А–µ—В–Є—З–µ—Б–Ї
                                         –Є–є –∞–љ–∞–ї–Є–Ј —Ж–µ–ї–µ–≤–Њ–є –∞...

You may provide a definition with
\DeclareUnicodeCharacter 


! LaTeX Error: Unicode character –Є (U+0438)
               not set up for use with LaTeX.

See the LaTeX manual or LaTeX Companion for explanation.
Type  H <return>  for immediate help.
 ...                                              
                                                  
l.6 \subsubsection{–Ґ–µ–Њ—А–µ—В–Є—З–µ—Б–Ї–Є
                                           –є –∞–љ–∞–ї–Є–Ј —Ж–µ–ї–µ–≤–Њ–є –∞...

You may provide a definition with
\DeclareUnicodeCharacter 


! LaTeX Error: Unicode character –є (U+0439)
               not set up for use with LaTeX.

See the LaTeX manual or LaTeX Companion for explanation.
Type  H <return>  for immediate help.
 ...                                              
                                                  
l.6 \subsubsection{–Ґ–µ–Њ—А–µ—В–Є—З–µ—Б–Ї–Є–є
                                              –∞–љ–∞–ї–Є–Ј —Ж–µ–ї–µ–≤–Њ–є –∞...

You may provide a definition with
\DeclareUnicodeCharacter 


! LaTeX Error: Unicode character –∞ (U+0430)
               not set up for use with LaTeX.

See the LaTeX manual or LaTeX Companion for explanation.
Type  H <return>  for immediate help.
 ...                                              
                                                  
l.6 \subsubsection{–Ґ–µ–Њ—А–µ—В–Є—З–µ—Б–Ї–Є–є –∞
                                                –љ–∞–ї–Є–Ј —Ж–µ–ї–µ–≤–Њ–є –∞...

You may provide a definition with
\DeclareUnicodeCharacter 


! LaTeX Error: Unicode character –љ (U+043D)
               not set up for use with LaTeX.

See the LaTeX manual or LaTeX Companion for explanation.
Type  H <return>  for immediate help.
 ...                                              
                                                  
l.6 \subsubsection{–Ґ–µ–Њ—А–µ—В–Є—З–µ—Б–Ї–Є–є –∞–љ
                                                  –∞–ї–Є–Ј —Ж–µ–ї–µ–≤–Њ–є –∞...

You may provide a definition with
\DeclareUnicodeCharacter 


! LaTeX Error: Unicode character –∞ (U+0430)
               not set up for use with LaTeX.

See the LaTeX manual or LaTeX Companion for explanation.
Type  H <return>  for immediate help.
 ...                                              
                                                  
l.6 ...ubsection{–Ґ–µ–Њ—А–µ—В–Є—З–µ—Б–Ї–Є–є –∞–љ–∞
                                                  –ї–Є–Ј —Ж–µ–ї–µ–≤–Њ–є –∞—Г...

You may provide a definition with
\DeclareUnicodeCharacter 


! LaTeX Error: Unicode character –ї (U+043B)
               not set up for use with LaTeX.

See the LaTeX manual or LaTeX Companion for explanation.
Type  H <return>  for immediate help.
 ...                                              
                                                  
l.6 ...section{–Ґ–µ–Њ—А–µ—В–Є—З–µ—Б–Ї–Є–є –∞–љ–∞–ї
                                                  –Є–Ј —Ж–µ–ї–µ–≤–Њ–є –∞—Г–і...

You may provide a definition with
\DeclareUnicodeCharacter 


! LaTeX Error: Unicode character –Є (U+0438)
               not set up for use with LaTeX.

See the LaTeX manual or LaTeX Companion for explanation.
Type  H <return>  for immediate help.
 ...                                              
                                                  
l.6 ...ction{–Ґ–µ–Њ—А–µ—В–Є—З–µ—Б–Ї–Є–є –∞–љ–∞–ї–Є
                                                  –Ј —Ж–µ–ї–µ–≤–Њ–є –∞—Г–і–Є...

You may provide a definition with
\DeclareUnicodeCharacter 


! LaTeX Error: Unicode character –Ј (U+0437)
               not set up for use with LaTeX.

See the LaTeX manual or LaTeX Companion for explanation.
Type  H <return>  for immediate help.
 ...                                              
                                                  
l.6 ...ion{–Ґ–µ–Њ—А–µ—В–Є—З–µ—Б–Ї–Є–є –∞–љ–∞–ї–Є–Ј
                                                   —Ж–µ–ї–µ–≤–Њ–є –∞—Г–і–Є—В...

You may provide a definition with
\DeclareUnicodeCharacter 


! LaTeX Error: Unicode character —Ж (U+0446)
               not set up for use with LaTeX.

See the LaTeX manual or LaTeX Companion for explanation.
Type  H <return>  for immediate help.
 ...                                              
                                                  
l.6 ...{–Ґ–µ–Њ—А–µ—В–Є—З–µ—Б–Ї–Є–є –∞–љ–∞–ї–Є–Ј —Ж
                                                  –µ–ї–µ–≤–Њ–є –∞—Г–і–Є—В–Њ—...

You may provide a definition with
\DeclareUnicodeCharacter 


! LaTeX Error: Unicode character –µ (U+0435)
               not set up for use with LaTeX.

See the LaTeX manual or LaTeX Companion for explanation.
Type  H <return>  for immediate help.
 ...                                              
                                                  
l.6 ...Ґ–µ–Њ—А–µ—В–Є—З–µ—Б–Ї–Є–є –∞–љ–∞–ї–Є–Ј —Ж–µ
                                                  –ї–µ–≤–Њ–є –∞—Г–і–Є—В–Њ—А–...

You may provide a definition with
\DeclareUnicodeCharacter 


! LaTeX Error: Unicode character –ї (U+043B)
               not set up for use with LaTeX.

See the LaTeX manual or LaTeX Companion for explanation.
Type  H <return>  for immediate help.
 ...                                              
                                                  
l.6 ...µ–Њ—А–µ—В–Є—З–µ—Б–Ї–Є–є –∞–љ–∞–ї–Є–Ј —Ж–µ–ї
                                                  –µ–≤–Њ–є –∞—Г–і–Є—В–Њ—А–Є–...

You may provide a definition with
\DeclareUnicodeCharacter 


! LaTeX Error: Unicode character –µ (U+0435)
               not set up for use with LaTeX.

See the LaTeX manual or LaTeX Companion for explanation.
Type  H <return>  for immediate help.
 ...                                              
                                                  
l.6 ...Њ—А–µ—В–Є—З–µ—Б–Ї–Є–є –∞–љ–∞–ї–Є–Ј —Ж–µ–ї–µ
                                                  –≤–Њ–є –∞—Г–і–Є—В–Њ—А–Є–Є ...

You may provide a definition with
\DeclareUnicodeCharacter 


! LaTeX Error: Unicode character –≤ (U+0432)
               not set up for use with LaTeX.

See the LaTeX manual or LaTeX Companion for explanation.
Type  H <return>  for immediate help.
 ...                                              
                                                  
l.6 ...А–µ—В–Є—З–µ—Б–Ї–Є–є –∞–љ–∞–ї–Є–Ј —Ж–µ–ї–µ–≤
                                                  –Њ–є –∞—Г–і–Є—В–Њ—А–Є–Є –Є...

You may provide a definition with
\DeclareUnicodeCharacter 


! LaTeX Error: Unicode character –Њ (U+043E)
               not set up for use with LaTeX.

See the LaTeX manual or LaTeX Companion for explanation.
Type  H <return>  for immediate help.
 ...                                              
                                                  
l.6 ...µ—В–Є—З–µ—Б–Ї–Є–є –∞–љ–∞–ї–Є–Ј —Ж–µ–ї–µ–≤–Њ
                                                  –є –∞—Г–і–Є—В–Њ—А–Є–Є –Є —...

You may provide a definition with
\DeclareUnicodeCharacter 


! LaTeX Error: Unicode character –є (U+0439)
               not set up for use with LaTeX.

See the LaTeX manual or LaTeX Companion for explanation.
Type  H <return>  for immediate help.
 ...                                              
                                                  
l.6 ...В–Є—З–µ—Б–Ї–Є–є –∞–љ–∞–ї–Є–Ј —Ж–µ–ї–µ–≤–Њ–є
                                                   –∞—Г–і–Є—В–Њ—А–Є–Є –Є —А–...

You may provide a definition with
\DeclareUnicodeCharacter 


! LaTeX Error: Unicode character –∞ (U+0430)
               not set up for use with LaTeX.

See the LaTeX manual or LaTeX Companion for explanation.
Type  H <return>  for immediate help.
 ...                                              
                                                  
l.6 ...—З–µ—Б–Ї–Є–є –∞–љ–∞–ї–Є–Ј —Ж–µ–ї–µ–≤–Њ–є –∞
                                                  —Г–і–Є—В–Њ—А–Є–Є –Є —А–∞–Ј...

You may provide a definition with
\DeclareUnicodeCharacter 


! LaTeX Error: Unicode character —Г (U+0443)
               not set up for use with LaTeX.

See the LaTeX manual or LaTeX Companion for explanation.
Type  H <return>  for immediate help.
 ...                                              
                                                  
l.6 ...–µ—Б–Ї–Є–є –∞–љ–∞–ї–Є–Ј —Ж–µ–ї–µ–≤–Њ–є –∞—Г
                                                  –і–Є—В–Њ—А–Є–Є –Є —А–∞–Ј—А...

You may provide a definition with
\DeclareUnicodeCharacter 


! LaTeX Error: Unicode character –і (U+0434)
               not set up for use with LaTeX.

See the LaTeX manual or LaTeX Companion for explanation.
Type  H <return>  for immediate help.
 ...                                              
                                                  
l.6 ...—Б–Ї–Є–є –∞–љ–∞–ї–Є–Ј —Ж–µ–ї–µ–≤–Њ–є –∞—Г–і
                                                  –Є—В–Њ—А–Є–Є –Є —А–∞–Ј—А–∞...

You may provide a definition with
\DeclareUnicodeCharacter 


! LaTeX Error: Unicode character –Є (U+0438)
               not set up for use with LaTeX.

See the LaTeX manual or LaTeX Companion for explanation.
Type  H <return>  for immediate help.
 ...                                              
                                                  
l.6 ...–Ї–Є–є –∞–љ–∞–ї–Є–Ј —Ж–µ–ї–µ–≤–Њ–є –∞—Г–і–Є
                                                  —В–Њ—А–Є–Є –Є —А–∞–Ј—А–∞–±...

You may provide a definition with
\DeclareUnicodeCharacter 


! LaTeX Error: Unicode character —В (U+0442)
               not set up for use with LaTeX.

See the LaTeX manual or LaTeX Companion for explanation.
Type  H <return>  for immediate help.
 ...                                              
                                                  
l.6 ...–Є–є –∞–љ–∞–ї–Є–Ј —Ж–µ–ї–µ–≤–Њ–є –∞—Г–і–Є—В
                                                  –Њ—А–Є–Є –Є —А–∞–Ј—А–∞–±–Њ...

You may provide a definition with
\DeclareUnicodeCharacter 


! LaTeX Error: Unicode character –Њ (U+043E)
               not set up for use with LaTeX.

See the LaTeX manual or LaTeX Companion for explanation.
Type  H <return>  for immediate help.
 ...                                              
                                                  
l.6 ...–є –∞–љ–∞–ї–Є–Ј —Ж–µ–ї–µ–≤–Њ–є –∞—Г–і–Є—В–Њ
                                                  —А–Є–Є –Є —А–∞–Ј—А–∞–±–Њ—В...

You may provide a definition with
\DeclareUnicodeCharacter 


! LaTeX Error: Unicode character —А (U+0440)
               not set up for use with LaTeX.

See the LaTeX manual or LaTeX Companion for explanation.
Type  H <return>  for immediate help.
 ...                                              
                                                  
l.6 ... –∞–љ–∞–ї–Є–Ј —Ж–µ–ї–µ–≤–Њ–є –∞—Г–і–Є—В–Њ—А
                                                  –Є–Є –Є —А–∞–Ј—А–∞–±–Њ—В–Ї...

You may provide a definition with
\DeclareUnicodeCharacter 


! LaTeX Error: Unicode character –Є (U+0438)
               not set up for use with LaTeX.

See the LaTeX manual or LaTeX Companion for explanation.
Type  H <return>  for immediate help.
 ...                                              
                                                  
l.6 ...∞–љ–∞–ї–Є–Ј —Ж–µ–ї–µ–≤–Њ–є –∞—Г–і–Є—В–Њ—А–Є
                                                  –Є –Є —А–∞–Ј—А–∞–±–Њ—В–Ї–∞...

You may provide a definition with
\DeclareUnicodeCharacter 


! LaTeX Error: Unicode character –Є (U+0438)
               not set up for use with LaTeX.

See the LaTeX manual or LaTeX Companion for explanation.
Type  H <return>  for immediate help.
 ...                                              
                                                  
l.6 ...љ–∞–ї–Є–Ј —Ж–µ–ї–µ–≤–Њ–є –∞—Г–і–Є—В–Њ—А–Є–Є
                                                   –Є —А–∞–Ј—А–∞–±–Њ—В–Ї–∞ U...

You may provide a definition with
\DeclareUnicodeCharacter 


! LaTeX Error: Unicode character –Є (U+0438)
               not set up for use with LaTeX.

See the LaTeX manual or LaTeX Companion for explanation.
Type  H <return>  for immediate help.
 ...                                              
                                                  
l.6 ...–ї–Є–Ј —Ж–µ–ї–µ–≤–Њ–є –∞—Г–і–Є—В–Њ—А–Є–Є –Є
                                                   —А–∞–Ј—А–∞–±–Њ—В–Ї–∞ User...

You may provide a definition with
\DeclareUnicodeCharacter 


! LaTeX Error: Unicode character —А (U+0440)
               not set up for use with LaTeX.

See the LaTeX manual or LaTeX Companion for explanation.
Type  H <return>  for immediate help.
 ...                                              
                                                  
l.6 ...Є–Ј —Ж–µ–ї–µ–≤–Њ–є –∞—Г–і–Є—В–Њ—А–Є–Є –Є —А
                                                  –∞–Ј—А–∞–±–Њ—В–Ї–∞ User St...

You may provide a definition with
\DeclareUnicodeCharacter 


! LaTeX Error: Unicode character –∞ (U+0430)
               not set up for use with LaTeX.

See the LaTeX manual or LaTeX Companion for explanation.
Type  H <return>  for immediate help.
 ...                                              
                                                  
l.6 ...Ј —Ж–µ–ї–µ–≤–Њ–є –∞—Г–і–Є—В–Њ—А–Є–Є –Є —А–∞
                                                  –Ј—А–∞–±–Њ—В–Ї–∞ User Stor...

You may provide a definition with
\DeclareUnicodeCharacter 


! LaTeX Error: Unicode character –Ј (U+0437)
               not set up for use with LaTeX.

See the LaTeX manual or LaTeX Companion for explanation.
Type  H <return>  for immediate help.
 ...                                              
                                                  
l.6 ...—Ж–µ–ї–µ–≤–Њ–є –∞—Г–і–Є—В–Њ—А–Є–Є –Є —А–∞–Ј
                                                  —А–∞–±–Њ—В–Ї–∞ User Stories}
You may provide a definition with
\DeclareUnicodeCharacter 


! LaTeX Error: Unicode character —А (U+0440)
               not set up for use with LaTeX.

See the LaTeX manual or LaTeX Companion for explanation.
Type  H <return>  for immediate help.
 ...                                              
                                                  
l.6 ...–µ–ї–µ–≤–Њ–є –∞—Г–і–Є—В–Њ—А–Є–Є –Є —А–∞–Ј—А
                                                  –∞–±–Њ—В–Ї–∞ User Stories}
You may provide a definition with
\DeclareUnicodeCharacter 


! LaTeX Error: Unicode character –∞ (U+0430)
               not set up for use with LaTeX.

See the LaTeX manual or LaTeX Companion for explanation.
Type  H <return>  for immediate help.
 ...                                              
                                                  
l.6 ...–ї–µ–≤–Њ–є –∞—Г–і–Є—В–Њ—А–Є–Є –Є —А–∞–Ј—А–∞
                                                  –±–Њ—В–Ї–∞ User Stories}
You may provide a definition with
\DeclareUnicodeCharacter 


! LaTeX Error: Unicode character –± (U+0431)
               not set up for use with LaTeX.

See the LaTeX manual or LaTeX Companion for explanation.
Type  H <return>  for immediate help.
 ...                                              
                                                  
l.6 ...–µ–≤–Њ–є –∞—Г–і–Є—В–Њ—А–Є–Є –Є —А–∞–Ј—А–∞–±
                                                  –Њ—В–Ї–∞ User Stories}
You may provide a definition with
\DeclareUnicodeCharacter 


! LaTeX Error: Unicode character –Њ (U+043E)
               not set up for use with LaTeX.

See the LaTeX manual or LaTeX Companion for explanation.
Type  H <return>  for immediate help.
 ...                                              
                                                  
l.6 ...–≤–Њ–є –∞—Г–і–Є—В–Њ—А–Є–Є –Є —А–∞–Ј—А–∞–±–Њ
                                                  —В–Ї–∞ User Stories}
You may provide a definition with
\DeclareUnicodeCharacter 


! LaTeX Error: Unicode character —В (U+0442)
               not set up for use with LaTeX.

See the LaTeX manual or LaTeX Companion for explanation.
Type  H <return>  for immediate help.
 ...                                              
                                                  
l.6 ...–Њ–є –∞—Г–і–Є—В–Њ—А–Є–Є –Є —А–∞–Ј—А–∞–±–Њ—В
                                                  –Ї–∞ User Stories}
You may provide a definition with
\DeclareUnicodeCharacter 


! LaTeX Error: Unicode character –Ї (U+043A)
               not set up for use with LaTeX.

See the LaTeX manual or LaTeX Companion for explanation.
Type  H <return>  for immediate help.
 ...                                              
                                                  
l.6 ...–є –∞—Г–і–Є—В–Њ—А–Є–Є –Є —А–∞–Ј—А–∞–±–Њ—В–Ї
                                                  –∞ User Stories}
You may provide a definition with
\DeclareUnicodeCharacter 


! LaTeX Error: Unicode character –∞ (U+0430)
               not set up for use with LaTeX.

See the LaTeX manual or LaTeX Companion for explanation.
Type  H <return>  for immediate help.
 ...                                              
                                                  
l.6 ... –∞—Г–і–Є—В–Њ—А–Є–Є –Є —А–∞–Ј—А–∞–±–Њ—В–Ї–∞
                                                   User Stories}
You may provide a definition with
\DeclareUnicodeCharacter 


! LaTeX Error: Missing \begin{document}.

See the LaTeX manual or LaTeX Companion for explanation.
Type  H <return>  for immediate help.
 ...                                              
                                                  
l.6 ...∞—Г–і–Є—В–Њ—А–Є–Є –Є —А–∞–Ј—А–∞–±–Њ—В–Ї–∞ U
                                                  ser Stories}
You're in trouble here.  Try typing  <return>  to proceed.
If that doesn't work, type  X <return>  to quit.

Missing character: There is no U in font nullfont!
Missing character: There is no s in font nullfont!
Missing character: There is no e in font nullfont!
Missing character: There is no r in font nullfont!
Missing character: There is no S in font nullfont!
Missing character: There is no t in font nullfont!
Missing character: There is no o in font nullfont!
Missing character: There is no r in font nullfont!
Missing character: There is no i in font nullfont!
Missing character: There is no e in font nullfont!
Missing character: There is no s in font nullfont!

Overfull \hbox (20.0pt too wide) in paragraph at lines 6--7
[]
 []


! LaTeX Error: Unicode character –Я (U+041F)
               not set up for use with LaTeX.

See the LaTeX manual or LaTeX Companion for explanation.
Type  H <return>  for immediate help.
 ...                                              
                                                  
l.8 –Я
      —А–Њ–µ–Ї—В–Є—А—Г–µ–Љ–Њ–µ –≤–µ–±-–њ—А–Є–ї–Њ–ґ–µ–љ–Є–µ –Њ—А–Є–µ–љ—В–Є—А–...

You may provide a definition with
\DeclareUnicodeCharacter 


! LaTeX Error: Unicode character —А (U+0440)
               not set up for use with LaTeX.

See the LaTeX manual or LaTeX Companion for explanation.
Type  H <return>  for immediate help.
 ...                                              
                                                  
l.8 –Я—А
        –Њ–µ–Ї—В–Є—А—Г–µ–Љ–Њ–µ –≤–µ–±-–њ—А–Є–ї–Њ–ґ–µ–љ–Є–µ –Њ—А–Є–µ–љ—В–Є—А–...

You may provide a definition with
\DeclareUnicodeCharacter 


! LaTeX Error: Unicode character –Њ (U+043E)
               not set up for use with LaTeX.

See the LaTeX manual or LaTeX Companion for explanation.
Type  H <return>  for immediate help.
 ...                                              
                                                  
l.8 –Я—А–Њ
          –µ–Ї—В–Є—А—Г–µ–Љ–Њ–µ –≤–µ–±-–њ—А–Є–ї–Њ–ґ–µ–љ–Є–µ –Њ—А–Є–µ–љ—В–Є—А–...

You may provide a definition with
\DeclareUnicodeCharacter 


! LaTeX Error: Unicode character –µ (U+0435)
               not set up for use with LaTeX.

See the LaTeX manual or LaTeX Companion for explanation.
Type  H <return>  for immediate help.
 ...                                              
                                                  
l.8 –Я—А–Њ–µ
            –Ї—В–Є—А—Г–µ–Љ–Њ–µ –≤–µ–±-–њ—А–Є–ї–Њ–ґ–µ–љ–Є–µ –Њ—А–Є–µ–љ—В–Є—А–...

You may provide a definition with
\DeclareUnicodeCharacter 


! LaTeX Error: Unicode character –Ї (U+043A)
               not set up for use with LaTeX.

See the LaTeX manual or LaTeX Companion for explanation.
Type  H <return>  for immediate help.
 ...                                              
                                                  
l.8 –Я—А–Њ–µ–Ї
              —В–Є—А—Г–µ–Љ–Њ–µ –≤–µ–±-–њ—А–Є–ї–Њ–ґ–µ–љ–Є–µ –Њ—А–Є–µ–љ—В–Є—А–...

You may provide a definition with
\DeclareUnicodeCharacter 


! LaTeX Error: Unicode character —В (U+0442)
               not set up for use with LaTeX.

See the LaTeX manual or LaTeX Companion for explanation.
Type  H <return>  for immediate help.
 ...                                              
                                                  
l.8 –Я—А–Њ–µ–Ї—В
                –Є—А—Г–µ–Љ–Њ–µ –≤–µ–±-–њ—А–Є–ї–Њ–ґ–µ–љ–Є–µ –Њ—А–Є–µ–љ—В–Є—А–...

You may provide a definition with
\DeclareUnicodeCharacter 


! LaTeX Error: Unicode character –Є (U+0438)
               not set up for use with LaTeX.

See the LaTeX manual or LaTeX Companion for explanation.
Type  H <return>  for immediate help.
 ...                                              
                                                  
l.8 –Я—А–Њ–µ–Ї—В–Є
                  —А—Г–µ–Љ–Њ–µ –≤–µ–±-–њ—А–Є–ї–Њ–ґ–µ–љ–Є–µ –Њ—А–Є–µ–љ—В–Є—А–...

You may provide a definition with
\DeclareUnicodeCharacter 


! LaTeX Error: Unicode character —А (U+0440)
               not set up for use with LaTeX.

See the LaTeX manual or LaTeX Companion for explanation.
Type  H <return>  for immediate help.
 ...                                              
                                                  
l.8 –Я—А–Њ–µ–Ї—В–Є—А
                    —Г–µ–Љ–Њ–µ –≤–µ–±-–њ—А–Є–ї–Њ–ґ–µ–љ–Є–µ –Њ—А–Є–µ–љ—В–Є—А–...

You may provide a definition with
\DeclareUnicodeCharacter 


! LaTeX Error: Unicode character —Г (U+0443)
               not set up for use with LaTeX.

See the LaTeX manual or LaTeX Companion for explanation.
Type  H <return>  for immediate help.
 ...                                              
                                                  
l.8 –Я—А–Њ–µ–Ї—В–Є—А—Г
                      –µ–Љ–Њ–µ –≤–µ–±-–њ—А–Є–ї–Њ–ґ–µ–љ–Є–µ –Њ—А–Є–µ–љ—В–Є—А–...

You may provide a definition with
\DeclareUnicodeCharacter 


! LaTeX Error: Unicode character –µ (U+0435)
               not set up for use with LaTeX.

See the LaTeX manual or LaTeX Companion for explanation.
Type  H <return>  for immediate help.
 ...                                              
                                                  
l.8 –Я—А–Њ–µ–Ї—В–Є—А—Г–µ
                        –Љ–Њ–µ –≤–µ–±-–њ—А–Є–ї–Њ–ґ–µ–љ–Є–µ –Њ—А–Є–µ–љ—В–Є—А–...

You may provide a definition with
\DeclareUnicodeCharacter 


! LaTeX Error: Unicode character –Љ (U+043C)
               not set up for use with LaTeX.

See the LaTeX manual or LaTeX Companion for explanation.
Type  H <return>  for immediate help.
 ...                                              
                                                  
l.8 –Я—А–Њ–µ–Ї—В–Є—А—Г–µ–Љ
                          –Њ–µ –≤–µ–±-–њ—А–Є–ї–Њ–ґ–µ–љ–Є–µ –Њ—А–Є–µ–љ—В–Є—А–...

You may provide a definition with
\DeclareUnicodeCharacter 


! LaTeX Error: Unicode character –Њ (U+043E)
               not set up for use with LaTeX.

See the LaTeX manual or LaTeX Companion for explanation.
Type  H <return>  for immediate help.
 ...                                              
                                                  
l.8 –Я—А–Њ–µ–Ї—В–Є—А—Г–µ–Љ–Њ
                            –µ –≤–µ–±-–њ—А–Є–ї–Њ–ґ–µ–љ–Є–µ –Њ—А–Є–µ–љ—В–Є—А–...

You may provide a definition with
\DeclareUnicodeCharacter 


! LaTeX Error: Unicode character –µ (U+0435)
               not set up for use with LaTeX.

See the LaTeX manual or LaTeX Companion for explanation.
Type  H <return>  for immediate help.
 ...                                              
                                                  
l.8 –Я—А–Њ–µ–Ї—В–Є—А—Г–µ–Љ–Њ–µ
                               –≤–µ–±-–њ—А–Є–ї–Њ–ґ–µ–љ–Є–µ –Њ—А–Є–µ–љ—В–Є—А–...

You may provide a definition with
\DeclareUnicodeCharacter 


! LaTeX Error: Unicode character –≤ (U+0432)
               not set up for use with LaTeX.

See the LaTeX manual or LaTeX Companion for explanation.
Type  H <return>  for immediate help.
 ...                                              
                                                  
l.8 –Я—А–Њ–µ–Ї—В–Є—А—Г–µ–Љ–Њ–µ –≤
                                 –µ–±-–њ—А–Є–ї–Њ–ґ–µ–љ–Є–µ –Њ—А–Є–µ–љ—В–Є—А–...

You may provide a definition with
\DeclareUnicodeCharacter 


! LaTeX Error: Unicode character –µ (U+0435)
               not set up for use with LaTeX.

See the LaTeX manual or LaTeX Companion for explanation.
Type  H <return>  for immediate help.
 ...                                              
                                                  
l.8 –Я—А–Њ–µ–Ї—В–Є—А—Г–µ–Љ–Њ–µ –≤–µ
                                   –±-–њ—А–Є–ї–Њ–ґ–µ–љ–Є–µ –Њ—А–Є–µ–љ—В–Є—А–...

You may provide a definition with
\DeclareUnicodeCharacter 


! LaTeX Error: Unicode character –± (U+0431)
               not set up for use with LaTeX.

See the LaTeX manual or LaTeX Companion for explanation.
Type  H <return>  for immediate help.
 ...                                              
                                                  
l.8 –Я—А–Њ–µ–Ї—В–Є—А—Г–µ–Љ–Њ–µ –≤–µ–±
                                     -–њ—А–Є–ї–Њ–ґ–µ–љ–Є–µ –Њ—А–Є–µ–љ—В–Є—А–...

You may provide a definition with
\DeclareUnicodeCharacter 


! LaTeX Error: Missing \begin{document}.

See the LaTeX manual or LaTeX Companion for explanation.
Type  H <return>  for immediate help.
 ...                                              
                                                  
l.8 –Я—А–Њ–µ–Ї—В–Є—А—Г–µ–Љ–Њ–µ –≤–µ–±-
                                      –њ—А–Є–ї–Њ–ґ–µ–љ–Є–µ –Њ—А–Є–µ–љ—В–Є—А–...

You're in trouble here.  Try typing  <return>  to proceed.
If that doesn't work, type  X <return>  to quit.

Missing character: There is no - in font nullfont!

! LaTeX Error: Unicode character –њ (U+043F)
               not set up for use with LaTeX.

See the LaTeX manual or LaTeX Companion for explanation.
Type  H <return>  for immediate help.
 ...                                              
                                                  
l.8 –Я—А–Њ–µ–Ї—В–Є—А—Г–µ–Љ–Њ–µ –≤–µ–±-–њ
                                        —А–Є–ї–Њ–ґ–µ–љ–Є–µ –Њ—А–Є–µ–љ—В–Є—А–...

You may provide a definition with
\DeclareUnicodeCharacter 


! LaTeX Error: Unicode character —А (U+0440)
               not set up for use with LaTeX.

See the LaTeX manual or LaTeX Companion for explanation.
Type  H <return>  for immediate help.
 ...                                              
                                                  
l.8 –Я—А–Њ–µ–Ї—В–Є—А—Г–µ–Љ–Њ–µ –≤–µ–±-–њ—А
                                          –Є–ї–Њ–ґ–µ–љ–Є–µ –Њ—А–Є–µ–љ—В–Є—А–...

You may provide a definition with
\DeclareUnicodeCharacter 


! LaTeX Error: Unicode character –Є (U+0438)
               not set up for use with LaTeX.

See the LaTeX manual or LaTeX Companion for explanation.
Type  H <return>  for immediate help.
 ...                                              
                                                  
l.8 –Я—А–Њ–µ–Ї—В–Є—А—Г–µ–Љ–Њ–µ –≤–µ–±-–њ—А–Є
                                            –ї–Њ–ґ–µ–љ–Є–µ –Њ—А–Є–µ–љ—В–Є—А–...

You may provide a definition with
\DeclareUnicodeCharacter 


! LaTeX Error: Unicode character –ї (U+043B)
               not set up for use with LaTeX.

See the LaTeX manual or LaTeX Companion for explanation.
Type  H <return>  for immediate help.
 ...                                              
                                                  
l.8 –Я—А–Њ–µ–Ї—В–Є—А—Г–µ–Љ–Њ–µ –≤–µ–±-–њ—А–Є–ї
                                              –Њ–ґ–µ–љ–Є–µ –Њ—А–Є–µ–љ—В–Є—А–...

You may provide a definition with
\DeclareUnicodeCharacter 


! LaTeX Error: Unicode character –Њ (U+043E)
               not set up for use with LaTeX.

See the LaTeX manual or LaTeX Companion for explanation.
Type  H <return>  for immediate help.
 ...                                              
                                                  
l.8 –Я—А–Њ–µ–Ї—В–Є—А—Г–µ–Љ–Њ–µ –≤–µ–±-–њ—А–Є–ї–Њ
                                                –ґ–µ–љ–Є–µ –Њ—А–Є–µ–љ—В–Є—А–...

You may provide a definition with
\DeclareUnicodeCharacter 


! LaTeX Error: Unicode character –ґ (U+0436)
               not set up for use with LaTeX.

See the LaTeX manual or LaTeX Companion for explanation.
Type  H <return>  for immediate help.
 ...                                              
                                                  
l.8 –Я—А–Њ–µ–Ї—В–Є—А—Г–µ–Љ–Њ–µ –≤–µ–±-–њ—А–Є–ї–Њ–ґ
                                                  –µ–љ–Є–µ –Њ—А–Є–µ–љ—В–Є—А–...

You may provide a definition with
\DeclareUnicodeCharacter 


! LaTeX Error: Unicode character –µ (U+0435)
               not set up for use with LaTeX.

See the LaTeX manual or LaTeX Companion for explanation.
Type  H <return>  for immediate help.
 ...                                              
                                                  
l.8 ...Њ–µ–Ї—В–Є—А—Г–µ–Љ–Њ–µ –≤–µ–±-–њ—А–Є–ї–Њ–ґ–µ
                                                  –љ–Є–µ –Њ—А–Є–µ–љ—В–Є—А–Њ–...

You may provide a definition with
\DeclareUnicodeCharacter 


! LaTeX Error: Unicode character –љ (U+043D)
               not set up for use with LaTeX.

See the LaTeX manual or LaTeX Companion for explanation.
Type  H <return>  for immediate help.
 ...                                              
                                                  
l.8 ...µ–Ї—В–Є—А—Г–µ–Љ–Њ–µ –≤–µ–±-–њ—А–Є–ї–Њ–ґ–µ–љ
                                                  –Є–µ –Њ—А–Є–µ–љ—В–Є—А–Њ–≤–...

You may provide a definition with
\DeclareUnicodeCharacter 


! LaTeX Error: Unicode character –Є (U+0438)
               not set up for use with LaTeX.

See the LaTeX manual or LaTeX Companion for explanation.
Type  H <return>  for immediate help.
 ...                                              
                                                  
l.8 ...Ї—В–Є—А—Г–µ–Љ–Њ–µ –≤–µ–±-–њ—А–Є–ї–Њ–ґ–µ–љ–Є
                                                  –µ –Њ—А–Є–µ–љ—В–Є—А–Њ–≤–∞–...

You may provide a definition with
\DeclareUnicodeCharacter 


! LaTeX Error: Unicode character –µ (U+0435)
               not set up for use with LaTeX.

See the LaTeX manual or LaTeX Companion for explanation.
Type  H <return>  for immediate help.
 ...                                              
                                                  
l.8 ...В–Є—А—Г–µ–Љ–Њ–µ –≤–µ–±-–њ—А–Є–ї–Њ–ґ–µ–љ–Є–µ
                                                   –Њ—А–Є–µ–љ—В–Є—А–Њ–≤–∞–љ–...

You may provide a definition with
\DeclareUnicodeCharacter 


! LaTeX Error: Unicode character –Њ (U+043E)
               not set up for use with LaTeX.

See the LaTeX manual or LaTeX Companion for explanation.
Type  H <return>  for immediate help.
 ...                                              
                                                  
l.8 ...—А—Г–µ–Љ–Њ–µ –≤–µ–±-–њ—А–Є–ї–Њ–ґ–µ–љ–Є–µ –Њ
                                                  —А–Є–µ–љ—В–Є—А–Њ–≤–∞–љ–Њ –...

You may provide a definition with
\DeclareUnicodeCharacter 


! LaTeX Error: Unicode character —А (U+0440)
               not set up for use with LaTeX.

See the LaTeX manual or LaTeX Companion for explanation.
Type  H <return>  for immediate help.
 ...                                              
                                                  
l.8 ...—Г–µ–Љ–Њ–µ –≤–µ–±-–њ—А–Є–ї–Њ–ґ–µ–љ–Є–µ –Њ—А
                                                  –Є–µ–љ—В–Є—А–Њ–≤–∞–љ–Њ –љ–...

You may provide a definition with
\DeclareUnicodeCharacter 


! LaTeX Error: Unicode character –Є (U+0438)
               not set up for use with LaTeX.

See the LaTeX manual or LaTeX Companion for explanation.
Type  H <return>  for immediate help.
 ...                                              
                                                  
l.8 ...–µ–Љ–Њ–µ –≤–µ–±-–њ—А–Є–ї–Њ–ґ–µ–љ–Є–µ –Њ—А–Є
                                                  –µ–љ—В–Є—А–Њ–≤–∞–љ–Њ –љ–∞ ...

You may provide a definition with
\DeclareUnicodeCharacter 


! LaTeX Error: Unicode character –µ (U+0435)
               not set up for use with LaTeX.

See the LaTeX manual or LaTeX Companion for explanation.
Type  H <return>  for immediate help.
 ...                                              
                                                  
l.8 ...–Љ–Њ–µ –≤–µ–±-–њ—А–Є–ї–Њ–ґ–µ–љ–Є–µ –Њ—А–Є–µ
                                                  –љ—В–Є—А–Њ–≤–∞–љ–Њ –љ–∞ —Б...

You may provide a definition with
\DeclareUnicodeCharacter 


! LaTeX Error: Unicode character –љ (U+043D)
               not set up for use with LaTeX.

See the LaTeX manual or LaTeX Companion for explanation.
Type  H <return>  for immediate help.
 ...                                              
                                                  
l.8 ...–Њ–µ –≤–µ–±-–њ—А–Є–ї–Њ–ґ–µ–љ–Є–µ –Њ—А–Є–µ–љ
                                                  —В–Є—А–Њ–≤–∞–љ–Њ –љ–∞ —Б–њ...

You may provide a definition with
\DeclareUnicodeCharacter 


! LaTeX Error: Unicode character —В (U+0442)
               not set up for use with LaTeX.

See the LaTeX manual or LaTeX Companion for explanation.
Type  H <return>  for immediate help.
 ...                                              
                                                  
l.8 ...–µ –≤–µ–±-–њ—А–Є–ї–Њ–ґ–µ–љ–Є–µ –Њ—А–Є–µ–љ—В
                                                  –Є—А–Њ–≤–∞–љ–Њ –љ–∞ —Б–њ–µ...

You may provide a definition with
\DeclareUnicodeCharacter 


! LaTeX Error: Unicode character –Є (U+0438)
               not set up for use with LaTeX.

See the LaTeX manual or LaTeX Companion for explanation.
Type  H <return>  for immediate help.
 ...                                              
                                                  
l.8 ... –≤–µ–±-–њ—А–Є–ї–Њ–ґ–µ–љ–Є–µ –Њ—А–Є–µ–љ—В–Є
                                                  —А–Њ–≤–∞–љ–Њ –љ–∞ —Б–њ–µ—Ж...

You may provide a definition with
\DeclareUnicodeCharacter 


! LaTeX Error: Unicode character —А (U+0440)
               not set up for use with LaTeX.

See the LaTeX manual or LaTeX Companion for explanation.
Type  H <return>  for immediate help.
 ...                                              
                                                  
l.8 ...≤–µ–±-–њ—А–Є–ї–Њ–ґ–µ–љ–Є–µ –Њ—А–Є–µ–љ—В–Є—А
                                                  –Њ–≤–∞–љ–Њ –љ–∞ —Б–њ–µ—Ж–Є...

You may provide a definition with
\DeclareUnicodeCharacter 


! LaTeX Error: Unicode character –Њ (U+043E)
               not set up for use with LaTeX.

See the LaTeX manual or LaTeX Companion for explanation.
Type  H <return>  for immediate help.
 ...                                              
                                                  
l.8 ...µ–±-–њ—А–Є–ї–Њ–ґ–µ–љ–Є–µ –Њ—А–Є–µ–љ—В–Є—А–Њ
                                                  –≤–∞–љ–Њ –љ–∞ —Б–њ–µ—Ж–Є—Д...

You may provide a definition with
\DeclareUnicodeCharacter 


! LaTeX Error: Unicode character –≤ (U+0432)
               not set up for use with LaTeX.

See the LaTeX manual or LaTeX Companion for explanation.
Type  H <return>  for immediate help.
 ...                                              
                                                  
l.8 ...±-–њ—А–Є–ї–Њ–ґ–µ–љ–Є–µ –Њ—А–Є–µ–љ—В–Є—А–Њ–≤
                                                  –∞–љ–Њ –љ–∞ —Б–њ–µ—Ж–Є—Д–Є...

You may provide a definition with
\DeclareUnicodeCharacter 


! LaTeX Error: Unicode character –∞ (U+0430)
               not set up for use with LaTeX.

See the LaTeX manual or LaTeX Companion for explanation.
Type  H <return>  for immediate help.
 ...                                              
                                                  
l.8 ...–њ—А–Є–ї–Њ–ґ–µ–љ–Є–µ –Њ—А–Є–µ–љ—В–Є—А–Њ–≤–∞
                                                  –љ–Њ –љ–∞ —Б–њ–µ—Ж–Є—Д–Є—З...

You may provide a definition with
\DeclareUnicodeCharacter 


! LaTeX Error: Unicode character –љ (U+043D)
               not set up for use with LaTeX.

See the LaTeX manual or LaTeX Companion for explanation.
Type  H <return>  for immediate help.
 ...                                              
                                                  
l.8 ...—А–Є–ї–Њ–ґ–µ–љ–Є–µ –Њ—А–Є–µ–љ—В–Є—А–Њ–≤–∞–љ
                                                  –Њ –љ–∞ —Б–њ–µ—Ж–Є—Д–Є—З–µ...

You may provide a definition with
\DeclareUnicodeCharacter 


! LaTeX Error: Unicode character –Њ (U+043E)
               not set up for use with LaTeX.

See the LaTeX manual or LaTeX Companion for explanation.
Type  H <return>  for immediate help.
 ...                                              
                                                  
l.8 ...–Є–ї–Њ–ґ–µ–љ–Є–µ –Њ—А–Є–µ–љ—В–Є—А–Њ–≤–∞–љ–Њ
                                                   –љ–∞ —Б–њ–µ—Ж–Є—Д–Є—З–µ—Б...

You may provide a definition with
\DeclareUnicodeCharacter 


! LaTeX Error: Unicode character –љ (U+043D)
               not set up for use with LaTeX.

See the LaTeX manual or LaTeX Companion for explanation.
Type  H <return>  for immediate help.
 ...                                              
                                                  
l.8 ...ї–Њ–ґ–µ–љ–Є–µ –Њ—А–Є–µ–љ—В–Є—А–Њ–≤–∞–љ–Њ –љ
                                                  –∞ —Б–њ–µ—Ж–Є—Д–Є—З–µ—Б–Ї—...

You may provide a definition with
\DeclareUnicodeCharacter 


! LaTeX Error: Unicode character –∞ (U+0430)
               not set up for use with LaTeX.

See the LaTeX manual or LaTeX Companion for explanation.
Type  H <return>  for immediate help.
 ...                                              
                                                  
l.8 ...Њ–ґ–µ–љ–Є–µ –Њ—А–Є–µ–љ—В–Є—А–Њ–≤–∞–љ–Њ –љ–∞
                                                   —Б–њ–µ—Ж–Є—Д–Є—З–µ—Б–Ї—Г—...

You may provide a definition with
\DeclareUnicodeCharacter 


! LaTeX Error: Unicode character —Б (U+0441)
               not set up for use with LaTeX.

See the LaTeX manual or LaTeX Companion for explanation.
Type  H <return>  for immediate help.
 ...                                              
                                                  
l.8 ...–µ–љ–Є–µ –Њ—А–Є–µ–љ—В–Є—А–Њ–≤–∞–љ–Њ –љ–∞ —Б
                                                  –њ–µ—Ж–Є—Д–Є—З–µ—Б–Ї—Г—О —...

You may provide a definition with
\DeclareUnicodeCharacter 


! LaTeX Error: Unicode character –њ (U+043F)
               not set up for use with LaTeX.

See the LaTeX manual or LaTeX Companion for explanation.
Type  H <return>  for immediate help.
 ...                                              
                                                  
l.8 ...–љ–Є–µ –Њ—А–Є–µ–љ—В–Є—А–Њ–≤–∞–љ–Њ –љ–∞ —Б–њ
                                                  –µ—Ж–Є—Д–Є—З–µ—Б–Ї—Г—О —Н–...

You may provide a definition with
\DeclareUnicodeCharacter 


! LaTeX Error: Unicode character –µ (U+0435)
               not set up for use with LaTeX.

See the LaTeX manual or LaTeX Companion for explanation.
Type  H <return>  for immediate help.
 ...                                              
                                                  
l.8 ...–Є–µ –Њ—А–Є–µ–љ—В–Є—А–Њ–≤–∞–љ–Њ –љ–∞ —Б–њ–µ
                                                  —Ж–Є—Д–Є—З–µ—Б–Ї—Г—О —Н–Ї–...

You may provide a definition with
\DeclareUnicodeCharacter 


! LaTeX Error: Unicode character —Ж (U+0446)
               not set up for use with LaTeX.

See the LaTeX manual or LaTeX Companion for explanation.
Type  H <return>  for immediate help.
 ...                                              
                                                  
l.8 ...–µ –Њ—А–Є–µ–љ—В–Є—А–Њ–≤–∞–љ–Њ –љ–∞ —Б–њ–µ—Ж
                                                  –Є—Д–Є—З–µ—Б–Ї—Г—О —Н–Ї–Њ—...

You may provide a definition with
\DeclareUnicodeCharacter 


! LaTeX Error: Unicode character –Є (U+0438)
               not set up for use with LaTeX.

See the LaTeX manual or LaTeX Companion for explanation.
Type  H <return>  for immediate help.
 ...                                              
                                                  
l.8 ... –Њ—А–Є–µ–љ—В–Є—А–Њ–≤–∞–љ–Њ –љ–∞ —Б–њ–µ—Ж–Є
                                                  —Д–Є—З–µ—Б–Ї—Г—О —Н–Ї–Њ—Б–...

You may provide a definition with
\DeclareUnicodeCharacter 


! LaTeX Error: Unicode character —Д (U+0444)
               not set up for use with LaTeX.

See the LaTeX manual or LaTeX Companion for explanation.
Type  H <return>  for immediate help.
 ...                                              
                                                  
l.8 ...Њ—А–Є–µ–љ—В–Є—А–Њ–≤–∞–љ–Њ –љ–∞ —Б–њ–µ—Ж–Є—Д
                                                  –Є—З–µ—Б–Ї—Г—О —Н–Ї–Њ—Б–Є—...

You may provide a definition with
\DeclareUnicodeCharacter 


! LaTeX Error: Unicode character –Є (U+0438)
               not set up for use with LaTeX.

See the LaTeX manual or LaTeX Companion for explanation.
Type  H <return>  for immediate help.
 ...                                              
                                                  
l.8 ...А–Є–µ–љ—В–Є—А–Њ–≤–∞–љ–Њ –љ–∞ —Б–њ–µ—Ж–Є—Д–Є
                                                  —З–µ—Б–Ї—Г—О —Н–Ї–Њ—Б–Є—Б—...

You may provide a definition with
\DeclareUnicodeCharacter 


! LaTeX Error: Unicode character —З (U+0447)
               not set up for use with LaTeX.

See the LaTeX manual or LaTeX Companion for explanation.
Type  H <return>  for immediate help.
 ...                                              
                                                  
l.8 ...Є–µ–љ—В–Є—А–Њ–≤–∞–љ–Њ –љ–∞ —Б–њ–µ—Ж–Є—Д–Є—З
                                                  –µ—Б–Ї—Г—О —Н–Ї–Њ—Б–Є—Б—В–...

You may provide a definition with
\DeclareUnicodeCharacter 


! LaTeX Error: Unicode character –µ (U+0435)
               not set up for use with LaTeX.

See the LaTeX manual or LaTeX Companion for explanation.
Type  H <return>  for immediate help.
 ...                                              
                                                  
l.8 ...µ–љ—В–Є—А–Њ–≤–∞–љ–Њ –љ–∞ —Б–њ–µ—Ж–Є—Д–Є—З–µ
                                                  —Б–Ї—Г—О —Н–Ї–Њ—Б–Є—Б—В–µ–...

You may provide a definition with
\DeclareUnicodeCharacter 


! LaTeX Error: Unicode character —Б (U+0441)
               not set up for use with LaTeX.

See the LaTeX manual or LaTeX Companion for explanation.
Type  H <return>  for immediate help.
 ...                                              
                                                  
l.8 ...љ—В–Є—А–Њ–≤–∞–љ–Њ –љ–∞ —Б–њ–µ—Ж–Є—Д–Є—З–µ—Б
                                                  –Ї—Г—О —Н–Ї–Њ—Б–Є—Б—В–µ–Љ—...

You may provide a definition with
\DeclareUnicodeCharacter 


! LaTeX Error: Unicode character –Ї (U+043A)
               not set up for use with LaTeX.

See the LaTeX manual or LaTeX Companion for explanation.
Type  H <return>  for immediate help.
 ...                                              
                                                  
l.8 ...В–Є—А–Њ–≤–∞–љ–Њ –љ–∞ —Б–њ–µ—Ж–Є—Д–Є—З–µ—Б–Ї
                                                  —Г—О —Н–Ї–Њ—Б–Є—Б—В–µ–Љ—Г ...

You may provide a definition with
\DeclareUnicodeCharacter 


! LaTeX Error: Unicode character —Г (U+0443)
               not set up for use with LaTeX.

See the LaTeX manual or LaTeX Companion for explanation.
Type  H <return>  for immediate help.
 ...                                              
                                                  
l.8 ...Є—А–Њ–≤–∞–љ–Њ –љ–∞ —Б–њ–µ—Ж–Є—Д–Є—З–µ—Б–Ї—Г
                                                  —О —Н–Ї–Њ—Б–Є—Б—В–µ–Љ—Г –≤...

You may provide a definition with
\DeclareUnicodeCharacter 


! LaTeX Error: Unicode character —О (U+044E)
               not set up for use with LaTeX.

See the LaTeX manual or LaTeX Companion for explanation.
Type  H <return>  for immediate help.
 ...                                              
                                                  
l.8 ...А–Њ–≤–∞–љ–Њ –љ–∞ —Б–њ–µ—Ж–Є—Д–Є—З–µ—Б–Ї—Г—О
                                                   —Н–Ї–Њ—Б–Є—Б—В–µ–Љ—Г –≤—Л...

You may provide a definition with
\DeclareUnicodeCharacter 


! LaTeX Error: Unicode character —Н (U+044D)
               not set up for use with LaTeX.

See the LaTeX manual or LaTeX Companion for explanation.
Type  H <return>  for immediate help.
 ...                                              
                                                  
l.8 ...–≤–∞–љ–Њ –љ–∞ —Б–њ–µ—Ж–Є—Д–Є—З–µ—Б–Ї—Г—О —Н
                                                  –Ї–Њ—Б–Є—Б—В–µ–Љ—Г –≤—Л—Б—...

You may provide a definition with
\DeclareUnicodeCharacter 


! LaTeX Error: Unicode character –Ї (U+043A)
               not set up for use with LaTeX.

See the LaTeX manual or LaTeX Companion for explanation.
Type  H <return>  for immediate help.
 ...                                              
                                                  
l.8 ...–∞–љ–Њ –љ–∞ —Б–њ–µ—Ж–Є—Д–Є—З–µ—Б–Ї—Г—О —Н–Ї
                                                  –Њ—Б–Є—Б—В–µ–Љ—Г –≤—Л—Б—И–...

You may provide a definition with
\DeclareUnicodeCharacter 


! LaTeX Error: Unicode character –Њ (U+043E)
               not set up for use with LaTeX.

See the LaTeX manual or LaTeX Companion for explanation.
Type  H <return>  for immediate help.
 ...                                              
                                                  
l.8 ...–љ–Њ –љ–∞ —Б–њ–µ—Ж–Є—Д–Є—З–µ—Б–Ї—Г—О —Н–Ї–Њ
                                                  —Б–Є—Б—В–µ–Љ—Г –≤—Л—Б—И–µ–...

You may provide a definition with
\DeclareUnicodeCharacter 


! LaTeX Error: Unicode character —Б (U+0441)
               not set up for use with LaTeX.

See the LaTeX manual or LaTeX Companion for explanation.
Type  H <return>  for immediate help.
 ...                                              
                                                  
l.8 ...–Њ –љ–∞ —Б–њ–µ—Ж–Є—Д–Є—З–µ—Б–Ї—Г—О —Н–Ї–Њ—Б
                                                  –Є—Б—В–µ–Љ—Г –≤—Л—Б—И–µ–≥–...

You may provide a definition with
\DeclareUnicodeCharacter 


! LaTeX Error: Unicode character –Є (U+0438)
               not set up for use with LaTeX.

See the LaTeX manual or LaTeX Companion for explanation.
Type  H <return>  for immediate help.
 ...                                              
                                                  
l.8 ... –љ–∞ —Б–њ–µ—Ж–Є—Д–Є—З–µ—Б–Ї—Г—О —Н–Ї–Њ—Б–Є
                                                  —Б—В–µ–Љ—Г –≤—Л—Б—И–µ–≥–Њ ...

You may provide a definition with
\DeclareUnicodeCharacter 


! LaTeX Error: Unicode character —Б (U+0441)
               not set up for use with LaTeX.

See the LaTeX manual or LaTeX Companion for explanation.
Type  H <return>  for immediate help.
 ...                                              
                                                  
l.8 ...љ–∞ —Б–њ–µ—Ж–Є—Д–Є—З–µ—Б–Ї—Г—О —Н–Ї–Њ—Б–Є—Б
                                                  —В–µ–Љ—Г –≤—Л—Б—И–µ–≥–Њ —Г...

You may provide a definition with
\DeclareUnicodeCharacter 


! LaTeX Error: Unicode character —В (U+0442)
               not set up for use with LaTeX.

See the LaTeX manual or LaTeX Companion for explanation.
Type  H <return>  for immediate help.
 ...                                              
                                                  
l.8 ...∞ —Б–њ–µ—Ж–Є—Д–Є—З–µ—Б–Ї—Г—О —Н–Ї–Њ—Б–Є—Б—В
                                                  –µ–Љ—Г –≤—Л—Б—И–µ–≥–Њ —Г—З...

You may provide a definition with
\DeclareUnicodeCharacter 


! LaTeX Error: Unicode character –µ (U+0435)
               not set up for use with LaTeX.

See the LaTeX manual or LaTeX Companion for explanation.
Type  H <return>  for immediate help.
 ...                                              
                                                  
l.8 ...—Б–њ–µ—Ж–Є—Д–Є—З–µ—Б–Ї—Г—О —Н–Ї–Њ—Б–Є—Б—В–µ
                                                  –Љ—Г –≤—Л—Б—И–µ–≥–Њ —Г—З–µ...

You may provide a definition with
\DeclareUnicodeCharacter 


! LaTeX Error: Unicode character –Љ (U+043C)
               not set up for use with LaTeX.

See the LaTeX manual or LaTeX Companion for explanation.
Type  H <return>  for immediate help.
 ...                                              
                                                  
l.8 ...–њ–µ—Ж–Є—Д–Є—З–µ—Б–Ї—Г—О —Н–Ї–Њ—Б–Є—Б—В–µ–Љ
                                                  —Г –≤—Л—Б—И–µ–≥–Њ —Г—З–µ–±...

You may provide a definition with
\DeclareUnicodeCharacter 


! LaTeX Error: Unicode character —Г (U+0443)
               not set up for use with LaTeX.

See the LaTeX manual or LaTeX Companion for explanation.
Type  H <return>  for immediate help.
 ...                                              
                                                  
l.8 ...–µ—Ж–Є—Д–Є—З–µ—Б–Ї—Г—О —Н–Ї–Њ—Б–Є—Б—В–µ–Љ—Г
                                                   –≤—Л—Б—И–µ–≥–Њ —Г—З–µ–±–љ...

You may provide a definition with
\DeclareUnicodeCharacter 


! LaTeX Error: Unicode character –≤ (U+0432)
               not set up for use with LaTeX.

See the LaTeX manual or LaTeX Companion for explanation.
Type  H <return>  for immediate help.
 ...                                              
                                                  
l.8 ...Ж–Є—Д–Є—З–µ—Б–Ї—Г—О —Н–Ї–Њ—Б–Є—Б—В–µ–Љ—Г –≤
                                                  —Л—Б—И–µ–≥–Њ —Г—З–µ–±–љ–Њ–...

You may provide a definition with
\DeclareUnicodeCharacter 


! LaTeX Error: Unicode character —Л (U+044B)
               not set up for use with LaTeX.

See the LaTeX manual or LaTeX Companion for explanation.
Type  H <return>  for immediate help.
 ...                                              
                                                  
l.8 ...Є—Д–Є—З–µ—Б–Ї—Г—О —Н–Ї–Њ—Б–Є—Б—В–µ–Љ—Г –≤—Л
                                                  —Б—И–µ–≥–Њ —Г—З–µ–±–љ–Њ–≥–...

You may provide a definition with
\DeclareUnicodeCharacter 


! LaTeX Error: Unicode character —Б (U+0441)
               not set up for use with LaTeX.

See the LaTeX manual or LaTeX Companion for explanation.
Type  H <return>  for immediate help.
 ...                                              
                                                  
l.8 ...Д–Є—З–µ—Б–Ї—Г—О —Н–Ї–Њ—Б–Є—Б—В–µ–Љ—Г –≤—Л—Б
                                                  —И–µ–≥–Њ —Г—З–µ–±–љ–Њ–≥–Њ ...

You may provide a definition with
\DeclareUnicodeCharacter 


! LaTeX Error: Unicode character —И (U+0448)
               not set up for use with LaTeX.

See the LaTeX manual or LaTeX Companion for explanation.
Type  H <return>  for immediate help.
 ...                                              
                                                  
l.8 ...Є—З–µ—Б–Ї—Г—О —Н–Ї–Њ—Б–Є—Б—В–µ–Љ—Г –≤—Л—Б—И
                                                  –µ–≥–Њ —Г—З–µ–±–љ–Њ–≥–Њ –Ј...

You may provide a definition with
\DeclareUnicodeCharacter 


! LaTeX Error: Unicode character –µ (U+0435)
               not set up for use with LaTeX.

See the LaTeX manual or LaTeX Companion for explanation.
Type  H <return>  for immediate help.
 ...                                              
                                                  
l.8 ...З–µ—Б–Ї—Г—О —Н–Ї–Њ—Б–Є—Б—В–µ–Љ—Г –≤—Л—Б—И–µ
                                                  –≥–Њ —Г—З–µ–±–љ–Њ–≥–Њ –Ј–∞...

You may provide a definition with
\DeclareUnicodeCharacter 


! LaTeX Error: Unicode character –≥ (U+0433)
               not set up for use with LaTeX.

See the LaTeX manual or LaTeX Companion for explanation.
Type  H <return>  for immediate help.
 ...                                              
                                                  
l.8 ...µ—Б–Ї—Г—О —Н–Ї–Њ—Б–Є—Б—В–µ–Љ—Г –≤—Л—Б—И–µ–≥
                                                  –Њ —Г—З–µ–±–љ–Њ–≥–Њ –Ј–∞–≤...

You may provide a definition with
\DeclareUnicodeCharacter 


! LaTeX Error: Unicode character –Њ (U+043E)
               not set up for use with LaTeX.

See the LaTeX manual or LaTeX Companion for explanation.
Type  H <return>  for immediate help.
 ...                                              
                                                  
l.8 ...Б–Ї—Г—О —Н–Ї–Њ—Б–Є—Б—В–µ–Љ—Г –≤—Л—Б—И–µ–≥–Њ
                                                   —Г—З–µ–±–љ–Њ–≥–Њ –Ј–∞–≤–µ...

You may provide a definition with
\DeclareUnicodeCharacter 


! LaTeX Error: Unicode character —Г (U+0443)
               not set up for use with LaTeX.

See the LaTeX manual or LaTeX Companion for explanation.
Type  H <return>  for immediate help.
 ...                                              
                                                  
l.8 ...—Г—О —Н–Ї–Њ—Б–Є—Б—В–µ–Љ—Г –≤—Л—Б—И–µ–≥–Њ —Г
                                                  —З–µ–±–љ–Њ–≥–Њ –Ј–∞–≤–µ–і–...

You may provide a definition with
\DeclareUnicodeCharacter 


! LaTeX Error: Unicode character —З (U+0447)
               not set up for use with LaTeX.

See the LaTeX manual or LaTeX Companion for explanation.
Type  H <return>  for immediate help.
 ...                                              
                                                  
l.8 ...—О —Н–Ї–Њ—Б–Є—Б—В–µ–Љ—Г –≤—Л—Б—И–µ–≥–Њ —Г—З
                                                  –µ–±–љ–Њ–≥–Њ –Ј–∞–≤–µ–і–µ–...

You may provide a definition with
\DeclareUnicodeCharacter 


! LaTeX Error: Unicode character –µ (U+0435)
               not set up for use with LaTeX.

See the LaTeX manual or LaTeX Companion for explanation.
Type  H <return>  for immediate help.
 ...                                              
                                                  
l.8 ... —Н–Ї–Њ—Б–Є—Б—В–µ–Љ—Г –≤—Л—Б—И–µ–≥–Њ —Г—З–µ
                                                  –±–љ–Њ–≥–Њ –Ј–∞–≤–µ–і–µ–љ–...

You may provide a definition with
\DeclareUnicodeCharacter 


! LaTeX Error: Unicode character –± (U+0431)
               not set up for use with LaTeX.

See the LaTeX manual or LaTeX Companion for explanation.
Type  H <return>  for immediate help.
 ...                                              
                                                  
l.8 ...Н–Ї–Њ—Б–Є—Б—В–µ–Љ—Г –≤—Л—Б—И–µ–≥–Њ —Г—З–µ–±
                                                  –љ–Њ–≥–Њ –Ј–∞–≤–µ–і–µ–љ–Є—П.
You may provide a definition with
\DeclareUnicodeCharacter 


! LaTeX Error: Unicode character –љ (U+043D)
               not set up for use with LaTeX.

See the LaTeX manual or LaTeX Companion for explanation.
Type  H <return>  for immediate help.
 ...                                              
                                                  
l.8 ...Ї–Њ—Б–Є—Б—В–µ–Љ—Г –≤—Л—Б—И–µ–≥–Њ —Г—З–µ–±–љ
                                                  –Њ–≥–Њ –Ј–∞–≤–µ–і–µ–љ–Є—П.
You may provide a definition with
\DeclareUnicodeCharacter 


! LaTeX Error: Unicode character –Њ (U+043E)
               not set up for use with LaTeX.

See the LaTeX manual or LaTeX Companion for explanation.
Type  H <return>  for immediate help.
 ...                                              
                                                  
l.8 ...Њ—Б–Є—Б—В–µ–Љ—Г –≤—Л—Б—И–µ–≥–Њ —Г—З–µ–±–љ–Њ
                                                  –≥–Њ –Ј–∞–≤–µ–і–µ–љ–Є—П.
You may provide a definition with
\DeclareUnicodeCharacter 


! LaTeX Error: Unicode character –≥ (U+0433)
               not set up for use with LaTeX.

See the LaTeX manual or LaTeX Companion for explanation.
Type  H <return>  for immediate help.
 ...                                              
                                                  
l.8 ...Б–Є—Б—В–µ–Љ—Г –≤—Л—Б—И–µ–≥–Њ —Г—З–µ–±–љ–Њ–≥
                                                  –Њ –Ј–∞–≤–µ–і–µ–љ–Є—П.
You may provide a definition with
\DeclareUnicodeCharacter 


! LaTeX Error: Unicode character –Њ (U+043E)
               not set up for use with LaTeX.

See the LaTeX manual or LaTeX Companion for explanation.
Type  H <return>  for immediate help.
 ...                                              
                                                  
l.8 ...Є—Б—В–µ–Љ—Г –≤—Л—Б—И–µ–≥–Њ —Г—З–µ–±–љ–Њ–≥–Њ
                                                   –Ј–∞–≤–µ–і–µ–љ–Є—П.
You may provide a definition with
\DeclareUnicodeCharacter 


! LaTeX Error: Unicode character –Ј (U+0437)
               not set up for use with LaTeX.

See the LaTeX manual or LaTeX Companion for explanation.
Type  H <return>  for immediate help.
 ...                                              
                                                  
l.8 ...—В–µ–Љ—Г –≤—Л—Б—И–µ–≥–Њ —Г—З–µ–±–љ–Њ–≥–Њ –Ј
                                                  –∞–≤–µ–і–µ–љ–Є—П.
You may provide a definition with
\DeclareUnicodeCharacter 


! LaTeX Error: Unicode character –∞ (U+0430)
               not set up for use with LaTeX.

See the LaTeX manual or LaTeX Companion for explanation.
Type  H <return>  for immediate help.
 ...                                              
                                                  
l.8 ...–µ–Љ—Г –≤—Л—Б—И–µ–≥–Њ —Г—З–µ–±–љ–Њ–≥–Њ –Ј–∞
                                                  –≤–µ–і–µ–љ–Є—П.
You may provide a definition with
\DeclareUnicodeCharacter 


! LaTeX Error: Unicode character –≤ (U+0432)
               not set up for use with LaTeX.

See the LaTeX manual or LaTeX Companion for explanation.
Type  H <return>  for immediate help.
 ...                                              
                                                  
l.8 ...–Љ—Г –≤—Л—Б—И–µ–≥–Њ —Г—З–µ–±–љ–Њ–≥–Њ –Ј–∞–≤
                                                  –µ–і–µ–љ–Є—П.
You may provide a definition with
\DeclareUnicodeCharacter 


! LaTeX Error: Unicode character –µ (U+0435)
               not set up for use with LaTeX.

See the LaTeX manual or LaTeX Companion for explanation.
Type  H <return>  for immediate help.
 ...                                              
                                                  
l.8 ...—Г –≤—Л—Б—И–µ–≥–Њ —Г—З–µ–±–љ–Њ–≥–Њ –Ј–∞–≤–µ
                                                  –і–µ–љ–Є—П.
You may provide a definition with
\DeclareUnicodeCharacter 


! LaTeX Error: Unicode character –і (U+0434)
               not set up for use with LaTeX.

See the LaTeX manual or LaTeX Companion for explanation.
Type  H <return>  for immediate help.
 ...                                              
                                                  
l.8 ... –≤—Л—Б—И–µ–≥–Њ —Г—З–µ–±–љ–Њ–≥–Њ –Ј–∞–≤–µ–і
                                                  –µ–љ–Є—П.
You may provide a definition with
\DeclareUnicodeCharacter 


! LaTeX Error: Unicode character –µ (U+0435)
               not set up for use with LaTeX.

See the LaTeX manual or LaTeX Companion for explanation.
Type  H <return>  for immediate help.
 ...                                              
                                                  
l.8 ...≤—Л—Б—И–µ–≥–Њ —Г—З–µ–±–љ–Њ–≥–Њ –Ј–∞–≤–µ–і–µ
                                                  –љ–Є—П.
You may provide a definition with
\DeclareUnicodeCharacter 


! LaTeX Error: Unicode character –љ (U+043D)
               not set up for use with LaTeX.

See the LaTeX manual or LaTeX Companion for explanation.
Type  H <return>  for immediate help.
 ...                                              
                                                  
l.8 ...Л—Б—И–µ–≥–Њ —Г—З–µ–±–љ–Њ–≥–Њ –Ј–∞–≤–µ–і–µ–љ
                                                  –Є—П.
You may provide a definition with
\DeclareUnicodeCharacter 


! LaTeX Error: Unicode character –Є (U+0438)
               not set up for use with LaTeX.

See the LaTeX manual or LaTeX Companion for explanation.
Type  H <return>  for immediate help.
 ...                                              
                                                  
l.8 ...Б—И–µ–≥–Њ —Г—З–µ–±–љ–Њ–≥–Њ –Ј–∞–≤–µ–і–µ–љ–Є
                                                  —П.
You may provide a definition with
\DeclareUnicodeCharacter 


! LaTeX Error: Unicode character —П (U+044F)
               not set up for use with LaTeX.

See the LaTeX manual or LaTeX Companion for explanation.
Type  H <return>  for immediate help.
 ...                                              
                                                  
l.8 ...И–µ–≥–Њ —Г—З–µ–±–љ–Њ–≥–Њ –Ј–∞–≤–µ–і–µ–љ–Є—П
                                                  .
You may provide a definition with
\DeclareUnicodeCharacter 

Missing character: There is no . in font nullfont!

! LaTeX Error: Unicode character –¶ (U+0426)
               not set up for use with LaTeX.

See the LaTeX manual or LaTeX Companion for explanation.
Type  H <return>  for immediate help.
 ...                                              
                                                  
l.9 –¶
      –µ–ї–µ–≤—Г—О –∞—Г–і–Є—В–Њ—А–Є—О —Б–Є—Б—В–µ–Љ—Л –Љ–Њ–ґ–љ–Њ —Б–µ–≥–Љ–µ–љ...

You may provide a definition with
\DeclareUnicodeCharacter 


! LaTeX Error: Unicode character –µ (U+0435)
               not set up for use with LaTeX.

See the LaTeX manual or LaTeX Companion for explanation.
Type  H <return>  for immediate help.
 ...                                              
                                                  
l.9 –¶–µ
        –ї–µ–≤—Г—О –∞—Г–і–Є—В–Њ—А–Є—О —Б–Є—Б—В–µ–Љ—Л –Љ–Њ–ґ–љ–Њ —Б–µ–≥–Љ–µ–љ...

You may provide a definition with
\DeclareUnicodeCharacter 


! LaTeX Error: Unicode character –ї (U+043B)
               not set up for use with LaTeX.

See the LaTeX manual or LaTeX Companion for explanation.
Type  H <return>  for immediate help.
 ...                                              
                                                  
l.9 –¶–µ–ї
          –µ–≤—Г—О –∞—Г–і–Є—В–Њ—А–Є—О —Б–Є—Б—В–µ–Љ—Л –Љ–Њ–ґ–љ–Њ —Б–µ–≥–Љ–µ–љ...

You may provide a definition with
\DeclareUnicodeCharacter 


! LaTeX Error: Unicode character –µ (U+0435)
               not set up for use with LaTeX.

See the LaTeX manual or LaTeX Companion for explanation.
Type  H <return>  for immediate help.
 ...                                              
                                                  
l.9 –¶–µ–ї–µ
            –≤—Г—О –∞—Г–і–Є—В–Њ—А–Є—О —Б–Є—Б—В–µ–Љ—Л –Љ–Њ–ґ–љ–Њ —Б–µ–≥–Љ–µ–љ...

You may provide a definition with
\DeclareUnicodeCharacter 


! LaTeX Error: Unicode character –≤ (U+0432)
               not set up for use with LaTeX.

See the LaTeX manual or LaTeX Companion for explanation.
Type  H <return>  for immediate help.
 ...                                              
                                                  
l.9 –¶–µ–ї–µ–≤
              —Г—О –∞—Г–і–Є—В–Њ—А–Є—О —Б–Є—Б—В–µ–Љ—Л –Љ–Њ–ґ–љ–Њ —Б–µ–≥–Љ–µ–љ...

You may provide a definition with
\DeclareUnicodeCharacter 


! LaTeX Error: Unicode character —Г (U+0443)
               not set up for use with LaTeX.

See the LaTeX manual or LaTeX Companion for explanation.
Type  H <return>  for immediate help.
 ...                                              
                                                  
l.9 –¶–µ–ї–µ–≤—Г
                —О –∞—Г–і–Є—В–Њ—А–Є—О —Б–Є—Б—В–µ–Љ—Л –Љ–Њ–ґ–љ–Њ —Б–µ–≥–Љ–µ–љ...

You may provide a definition with
\DeclareUnicodeCharacter 


! LaTeX Error: Unicode character —О (U+044E)
               not set up for use with LaTeX.

See the LaTeX manual or LaTeX Companion for explanation.
Type  H <return>  for immediate help.
 ...                                              
                                                  
l.9 –¶–µ–ї–µ–≤—Г—О
                   –∞—Г–і–Є—В–Њ—А–Є—О —Б–Є—Б—В–µ–Љ—Л –Љ–Њ–ґ–љ–Њ —Б–µ–≥–Љ–µ–љ...

You may provide a definition with
\DeclareUnicodeCharacter 


! LaTeX Error: Unicode character –∞ (U+0430)
               not set up for use with LaTeX.

See the LaTeX manual or LaTeX Companion for explanation.
Type  H <return>  for immediate help.
 ...                                              
                                                  
l.9 –¶–µ–ї–µ–≤—Г—О –∞
                     —Г–і–Є—В–Њ—А–Є—О —Б–Є—Б—В–µ–Љ—Л –Љ–Њ–ґ–љ–Њ —Б–µ–≥–Љ–µ–љ...

You may provide a definition with
\DeclareUnicodeCharacter 


! LaTeX Error: Unicode character —Г (U+0443)
               not set up for use with LaTeX.

See the LaTeX manual or LaTeX Companion for explanation.
Type  H <return>  for immediate help.
 ...                                              
                                                  
l.9 –¶–µ–ї–µ–≤—Г—О –∞—Г
                       –і–Є—В–Њ—А–Є—О —Б–Є—Б—В–µ–Љ—Л –Љ–Њ–ґ–љ–Њ —Б–µ–≥–Љ–µ–љ...

You may provide a definition with
\DeclareUnicodeCharacter 


! LaTeX Error: Unicode character –і (U+0434)
               not set up for use with LaTeX.

See the LaTeX manual or LaTeX Companion for explanation.
Type  H <return>  for immediate help.
 ...                                              
                                                  
l.9 –¶–µ–ї–µ–≤—Г—О –∞—Г–і
                         –Є—В–Њ—А–Є—О —Б–Є—Б—В–µ–Љ—Л –Љ–Њ–ґ–љ–Њ —Б–µ–≥–Љ–µ–љ...

You may provide a definition with
\DeclareUnicodeCharacter 


! LaTeX Error: Unicode character –Є (U+0438)
               not set up for use with LaTeX.

See the LaTeX manual or LaTeX Companion for explanation.
Type  H <return>  for immediate help.
 ...                                              
                                                  
l.9 –¶–µ–ї–µ–≤—Г—О –∞—Г–і–Є
                           —В–Њ—А–Є—О —Б–Є—Б—В–µ–Љ—Л –Љ–Њ–ґ–љ–Њ —Б–µ–≥–Љ–µ–љ...

You may provide a definition with
\DeclareUnicodeCharacter 


! LaTeX Error: Unicode character —В (U+0442)
               not set up for use with LaTeX.

See the LaTeX manual or LaTeX Companion for explanation.
Type  H <return>  for immediate help.
 ...                                              
                                                  
l.9 –¶–µ–ї–µ–≤—Г—О –∞—Г–і–Є—В
                             –Њ—А–Є—О —Б–Є—Б—В–µ–Љ—Л –Љ–Њ–ґ–љ–Њ —Б–µ–≥–Љ–µ–љ...

You may provide a definition with
\DeclareUnicodeCharacter 


! LaTeX Error: Unicode character –Њ (U+043E)
               not set up for use with LaTeX.

See the LaTeX manual or LaTeX Companion for explanation.
Type  H <return>  for immediate help.
 ...                                              
                                                  
l.9 –¶–µ–ї–µ–≤—Г—О –∞—Г–і–Є—В–Њ
                               —А–Є—О —Б–Є—Б—В–µ–Љ—Л –Љ–Њ–ґ–љ–Њ —Б–µ–≥–Љ–µ–љ...

You may provide a definition with
\DeclareUnicodeCharacter 


! LaTeX Error: Unicode character —А (U+0440)
               not set up for use with LaTeX.

See the LaTeX manual or LaTeX Companion for explanation.
Type  H <return>  for immediate help.
 ...                                              
                                                  
l.9 –¶–µ–ї–µ–≤—Г—О –∞—Г–і–Є—В–Њ—А
                                 –Є—О —Б–Є—Б—В–µ–Љ—Л –Љ–Њ–ґ–љ–Њ —Б–µ–≥–Љ–µ–љ...

You may provide a definition with
\DeclareUnicodeCharacter 


! LaTeX Error: Unicode character –Є (U+0438)
               not set up for use with LaTeX.

See the LaTeX manual or LaTeX Companion for explanation.
Type  H <return>  for immediate help.
 ...                                              
                                                  
l.9 –¶–µ–ї–µ–≤—Г—О –∞—Г–і–Є—В–Њ—А–Є
                                   —О —Б–Є—Б—В–µ–Љ—Л –Љ–Њ–ґ–љ–Њ —Б–µ–≥–Љ–µ–љ...

You may provide a definition with
\DeclareUnicodeCharacter 


! LaTeX Error: Unicode character —О (U+044E)
               not set up for use with LaTeX.

See the LaTeX manual or LaTeX Companion for explanation.
Type  H <return>  for immediate help.
 ...                                              
                                                  
l.9 –¶–µ–ї–µ–≤—Г—О –∞—Г–і–Є—В–Њ—А–Є—О
                                      —Б–Є—Б—В–µ–Љ—Л –Љ–Њ–ґ–љ–Њ —Б–µ–≥–Љ–µ–љ...

You may provide a definition with
\DeclareUnicodeCharacter 


! LaTeX Error: Unicode character —Б (U+0441)
               not set up for use with LaTeX.

See the LaTeX manual or LaTeX Companion for explanation.
Type  H <return>  for immediate help.
 ...                                              
                                                  
l.9 –¶–µ–ї–µ–≤—Г—О –∞—Г–і–Є—В–Њ—А–Є—О —Б
                                        –Є—Б—В–µ–Љ—Л –Љ–Њ–ґ–љ–Њ —Б–µ–≥–Љ–µ–љ...

You may provide a definition with
\DeclareUnicodeCharacter 


! LaTeX Error: Unicode character –Є (U+0438)
               not set up for use with LaTeX.

See the LaTeX manual or LaTeX Companion for explanation.
Type  H <return>  for immediate help.
 ...                                              
                                                  
l.9 –¶–µ–ї–µ–≤—Г—О –∞—Г–і–Є—В–Њ—А–Є—О —Б–Є
                                          —Б—В–µ–Љ—Л –Љ–Њ–ґ–љ–Њ —Б–µ–≥–Љ–µ–љ...

You may provide a definition with
\DeclareUnicodeCharacter 


! LaTeX Error: Unicode character —Б (U+0441)
               not set up for use with LaTeX.

See the LaTeX manual or LaTeX Companion for explanation.
Type  H <return>  for immediate help.
 ...                                              
                                                  
l.9 –¶–µ–ї–µ–≤—Г—О –∞—Г–і–Є—В–Њ—А–Є—О —Б–Є—Б
                                            —В–µ–Љ—Л –Љ–Њ–ґ–љ–Њ —Б–µ–≥–Љ–µ–љ...

You may provide a definition with
\DeclareUnicodeCharacter 


! LaTeX Error: Unicode character —В (U+0442)
               not set up for use with LaTeX.

See the LaTeX manual or LaTeX Companion for explanation.
Type  H <return>  for immediate help.
 ...                                              
                                                  
l.9 –¶–µ–ї–µ–≤—Г—О –∞—Г–і–Є—В–Њ—А–Є—О —Б–Є—Б—В
                                              –µ–Љ—Л –Љ–Њ–ґ–љ–Њ —Б–µ–≥–Љ–µ–љ...

You may provide a definition with
\DeclareUnicodeCharacter 


! LaTeX Error: Unicode character –µ (U+0435)
               not set up for use with LaTeX.

See the LaTeX manual or LaTeX Companion for explanation.
Type  H <return>  for immediate help.
 ...                                              
                                                  
l.9 –¶–µ–ї–µ–≤—Г—О –∞—Г–і–Є—В–Њ—А–Є—О —Б–Є—Б—В–µ
                                                –Љ—Л –Љ–Њ–ґ–љ–Њ —Б–µ–≥–Љ–µ–љ...

You may provide a definition with
\DeclareUnicodeCharacter 


! LaTeX Error: Unicode character –Љ (U+043C)
               not set up for use with LaTeX.

See the LaTeX manual or LaTeX Companion for explanation.
Type  H <return>  for immediate help.
 ...                                              
                                                  
l.9 –¶–µ–ї–µ–≤—Г—О –∞—Г–і–Є—В–Њ—А–Є—О —Б–Є—Б—В–µ–Љ
                                                  —Л –Љ–Њ–ґ–љ–Њ —Б–µ–≥–Љ–µ–љ...

You may provide a definition with
\DeclareUnicodeCharacter 


! LaTeX Error: Unicode character —Л (U+044B)
               not set up for use with LaTeX.

See the LaTeX manual or LaTeX Companion for explanation.
Type  H <return>  for immediate help.
 ...                                              
                                                  
l.9 ...ї–µ–≤—Г—О –∞—Г–і–Є—В–Њ—А–Є—О —Б–Є—Б—В–µ–Љ—Л
                                                   –Љ–Њ–ґ–љ–Њ —Б–µ–≥–Љ–µ–љ—В...

You may provide a definition with
\DeclareUnicodeCharacter 


! LaTeX Error: Unicode character –Љ (U+043C)
               not set up for use with LaTeX.

See the LaTeX manual or LaTeX Companion for explanation.
Type  H <return>  for immediate help.
 ...                                              
                                                  
l.9 ...–≤—Г—О –∞—Г–і–Є—В–Њ—А–Є—О —Б–Є—Б—В–µ–Љ—Л –Љ
                                                  –Њ–ґ–љ–Њ —Б–µ–≥–Љ–µ–љ—В–Є—...

You may provide a definition with
\DeclareUnicodeCharacter 


! LaTeX Error: Unicode character –Њ (U+043E)
               not set up for use with LaTeX.

See the LaTeX manual or LaTeX Companion for explanation.
Type  H <return>  for immediate help.
 ...                                              
                                                  
l.9 ...—Г—О –∞—Г–і–Є—В–Њ—А–Є—О —Б–Є—Б—В–µ–Љ—Л –Љ–Њ
                                                  –ґ–љ–Њ —Б–µ–≥–Љ–µ–љ—В–Є—А–...

You may provide a definition with
\DeclareUnicodeCharacter 


! LaTeX Error: Unicode character –ґ (U+0436)
               not set up for use with LaTeX.

See the LaTeX manual or LaTeX Companion for explanation.
Type  H <return>  for immediate help.
 ...                                              
                                                  
l.9 ...—О –∞—Г–і–Є—В–Њ—А–Є—О —Б–Є—Б—В–µ–Љ—Л –Љ–Њ–ґ
                                                  –љ–Њ —Б–µ–≥–Љ–µ–љ—В–Є—А–Њ–...

You may provide a definition with
\DeclareUnicodeCharacter 


! LaTeX Error: Unicode character –љ (U+043D)
               not set up for use with LaTeX.

See the LaTeX manual or LaTeX Companion for explanation.
Type  H <return>  for immediate help.
 ...                                              
                                                  
l.9 ... –∞—Г–і–Є—В–Њ—А–Є—О —Б–Є—Б—В–µ–Љ—Л –Љ–Њ–ґ–љ
                                                  –Њ —Б–µ–≥–Љ–µ–љ—В–Є—А–Њ–≤–...
(That makes 100 errors; please try again.) 
Here is how much of TeX's memory you used:
 47 strings out of 467349
 691 string characters out of 5417750
 434951 words of memory out of 5000000
 29232 multiletter control sequences out of 15000+600000
 627721 words of font info for 40 fonts, out of 8000000 for 9000
 1141 hyphenation exceptions out of 8191
 15i,0n,20p,234b,37s stack positions out of 10000i,1000n,20000p,200000b,200000s

!  ==> Fatal error occurred, no output PDF file produced!
